This file contains any messages produced by compilers while
running configure, to aid debugging if configure makes a mistake.

It was created by Gource configure 0.53, which was
generated by GNU Autoconf 2.69.  Invocation command line was

  $ ./configure 

## --------- ##
## Platform. ##
## --------- ##

hostname = user
uname -m = x86_64
uname -r = 5.4.0-131-generic
uname -s = Linux
uname -v = #147~18.04.1-Ubuntu SMP Sat Oct 15 13:10:18 UTC 2022

/usr/bin/uname -p = unknown
/bin/uname -X     = unknown

/bin/arch              = unknown
/usr/bin/arch -k       = unknown
/usr/convex/getsysinfo = unknown
/usr/bin/hostinfo      = unknown
/bin/machine           = unknown
/usr/bin/oslevel       = unknown
/bin/universe          = unknown

PATH: /home/hutianyu/gcc-linaro-7.5.0-2019.12-x86_64_aarch64-linux-gnu/bin/
PATH: /usr/local/go/bin
PATH: /home/hutianyu/gcc-linaro-7.5.0-2019.12-x86_64_aarch64-linux-gnu/bin/
PATH: /home/hutianyu/gcc-linaro-7.5.0-2019.12-x86_64_aarch64-linux-gnu/bin/
PATH: /usr/local/sbin
PATH: /usr/local/bin
PATH: /usr/sbin
PATH: /usr/bin
PATH: /sbin
PATH: /bin
PATH: /usr/games
PATH: /usr/local/games
PATH: /snap/bin
PATH: /usr/local/go/bin
PATH: /home/hutianyu/goProjects/bin
PATH: /usr/local/go/bin
PATH: /home/hutianyu/goProjects/bin
PATH: /usr/local/go/bin
PATH: /home/hutianyu/goProjects/bin
PATH: /usr/local/go/bin
PATH: /home/hutianyu/goProjects/bin
PATH: /usr/local/go/bin
PATH: /home/hutianyu/goProjects/bin


## ----------- ##
## Core tests. ##
## ----------- ##

configure:2566: checking for a BSD-compatible install
configure:2634: result: /usr/bin/install -c
configure:2645: checking whether build environment is sane
configure:2700: result: yes
configure:2851: checking for a thread-safe mkdir -p
configure:2890: result: /bin/mkdir -p
configure:2897: checking for gawk
configure:2927: result: no
configure:2897: checking for mawk
configure:2913: found /usr/bin/mawk
configure:2924: result: mawk
configure:2935: checking whether make sets $(MAKE)
configure:2957: result: yes
configure:2986: checking whether make supports nested variables
configure:3003: result: yes
configure:3134: checking build system type
configure:3148: result: x86_64-pc-linux-gnu
configure:3168: checking host system type
configure:3181: result: x86_64-pc-linux-gnu
configure:3261: checking for g++
configure:3277: found /usr/bin/g++
configure:3288: result: g++
configure:3315: checking for C++ compiler version
configure:3324: g++ --version >&5
g++ (Ubuntu 7.5.0-3ubuntu1~18.04) 7.5.0
Copyright (C) 2017 Free Software Foundation, Inc.
This is free software; see the source for copying conditions.  There is NO
warranty; not even for MERCHANTABILITY or FITNESS FOR A PARTICULAR PURPOSE.

configure:3335: $? = 0
configure:3324: g++ -v >&5
Using built-in specs.
COLLECT_GCC=g++
COLLECT_LTO_WRAPPER=/usr/lib/gcc/x86_64-linux-gnu/7/lto-wrapper
OFFLOAD_TARGET_NAMES=nvptx-none
OFFLOAD_TARGET_DEFAULT=1
Target: x86_64-linux-gnu
Configured with: ../src/configure -v --with-pkgversion='Ubuntu 7.5.0-3ubuntu1~18.04' --with-bugurl=file:///usr/share/doc/gcc-7/README.Bugs --enable-languages=c,ada,c++,go,brig,d,fortran,objc,obj-c++ --prefix=/usr --with-gcc-major-version-only --program-suffix=-7 --program-prefix=x86_64-linux-gnu- --enable-shared --enable-linker-build-id --libexecdir=/usr/lib --without-included-gettext --enable-threads=posix --libdir=/usr/lib --enable-nls --enable-bootstrap --enable-clocale=gnu --enable-libstdcxx-debug --enable-libstdcxx-time=yes --with-default-libstdcxx-abi=new --enable-gnu-unique-object --disable-vtable-verify --enable-libmpx --enable-plugin --enable-default-pie --with-system-zlib --with-target-system-zlib --enable-objc-gc=auto --enable-multiarch --disable-werror --with-arch-32=i686 --with-abi=m64 --with-multilib-list=m32,m64,mx32 --enable-multilib --with-tune=generic --enable-offload-targets=nvptx-none --without-cuda-driver --enable-checking=release --build=x86_64-linux-gnu --host=x86_64-linux-gnu --target=x86_64-linux-gnu
Thread model: posix
gcc version 7.5.0 (Ubuntu 7.5.0-3ubuntu1~18.04) 
configure:3335: $? = 0
configure:3324: g++ -V >&5
g++: error: unrecognized command line option '-V'
g++: fatal error: no input files
compilation terminated.
configure:3335: $? = 1
configure:3324: g++ -qversion >&5
g++: error: unrecognized command line option '-qversion'; did you mean '--version'?
g++: fatal error: no input files
compilation terminated.
configure:3335: $? = 1
configure:3355: checking whether the C++ compiler works
configure:3377: g++    conftest.cpp  >&5
configure:3381: $? = 0
configure:3429: result: yes
configure:3432: checking for C++ compiler default output file name
configure:3434: result: a.out
configure:3440: checking for suffix of executables
configure:3447: g++ -o conftest    conftest.cpp  >&5
configure:3451: $? = 0
configure:3473: result: 
configure:3495: checking whether we are cross compiling
configure:3503: g++ -o conftest    conftest.cpp  >&5
configure:3507: $? = 0
configure:3514: ./conftest
configure:3518: $? = 0
configure:3533: result: no
configure:3538: checking for suffix of object files
configure:3560: g++ -c   conftest.cpp >&5
configure:3564: $? = 0
configure:3585: result: o
configure:3589: checking whether we are using the GNU C++ compiler
configure:3608: g++ -c   conftest.cpp >&5
configure:3608: $? = 0
configure:3617: result: yes
configure:3626: checking whether g++ accepts -g
configure:3646: g++ -c -g  conftest.cpp >&5
configure:3646: $? = 0
configure:3687: result: yes
configure:3721: checking for style of include used by make
configure:3749: result: GNU
configure:3775: checking dependency style of g++
configure:3886: result: gcc3
configure:3912: checking for timegm
configure:3912: g++ -o conftest -g -O2   conftest.cpp  >&5
configure:3912: $? = 0
configure:3912: result: yes
configure:3912: checking for unsetenv
configure:3912: g++ -o conftest -g -O2   conftest.cpp  >&5
configure:3912: $? = 0
configure:3912: result: yes
configure:3940: checking how to run the C++ preprocessor
configure:3967: g++ -E  conftest.cpp
configure:3967: $? = 0
configure:3981: g++ -E  conftest.cpp
conftest.cpp:13:10: fatal error: ac_nonexistent.h: No such file or directory
 #include <ac_nonexistent.h>
          ^~~~~~~~~~~~~~~~~~
compilation terminated.
configure:3981: $? = 1
configure: failed program was:
| /* confdefs.h */
| #define PACKAGE_NAME "Gource"
| #define PACKAGE_TARNAME "gource"
| #define PACKAGE_VERSION "0.53"
| #define PACKAGE_STRING "Gource 0.53"
| #define PACKAGE_BUGREPORT "acaudwell@gmail.com"
| #define PACKAGE_URL ""
| #define PACKAGE "gource"
| #define VERSION "0.53"
| #define HAVE_TIMEGM 1
| #define HAVE_UNSETENV 1
| /* end confdefs.h.  */
| #include <ac_nonexistent.h>
configure:4006: result: g++ -E
configure:4026: g++ -E  conftest.cpp
configure:4026: $? = 0
configure:4040: g++ -E  conftest.cpp
conftest.cpp:13:10: fatal error: ac_nonexistent.h: No such file or directory
 #include <ac_nonexistent.h>
          ^~~~~~~~~~~~~~~~~~
compilation terminated.
configure:4040: $? = 1
configure: failed program was:
| /* confdefs.h */
| #define PACKAGE_NAME "Gource"
| #define PACKAGE_TARNAME "gource"
| #define PACKAGE_VERSION "0.53"
| #define PACKAGE_STRING "Gource 0.53"
| #define PACKAGE_BUGREPORT "acaudwell@gmail.com"
| #define PACKAGE_URL ""
| #define PACKAGE "gource"
| #define VERSION "0.53"
| #define HAVE_TIMEGM 1
| #define HAVE_UNSETENV 1
| /* end confdefs.h.  */
| #include <ac_nonexistent.h>
configure:4069: checking for X
configure:4177: g++ -E  conftest.cpp
configure:4177: $? = 0
configure:4208: g++ -o conftest -g -O2   conftest.cpp -lX11  >&5
configure:4208: $? = 0
configure:4258: result: libraries , headers 
configure:4262: checking for a sed that does not truncate output
configure:4326: result: /bin/sed
configure:4379: checking for gcc
configure:4395: found /usr/bin/gcc
configure:4406: result: gcc
configure:4635: checking for C compiler version
configure:4644: gcc --version >&5
gcc (Ubuntu 7.5.0-3ubuntu1~18.04) 7.5.0
Copyright (C) 2017 Free Software Foundation, Inc.
This is free software; see the source for copying conditions.  There is NO
warranty; not even for MERCHANTABILITY or FITNESS FOR A PARTICULAR PURPOSE.

configure:4655: $? = 0
configure:4644: gcc -v >&5
Using built-in specs.
COLLECT_GCC=gcc
COLLECT_LTO_WRAPPER=/usr/lib/gcc/x86_64-linux-gnu/7/lto-wrapper
OFFLOAD_TARGET_NAMES=nvptx-none
OFFLOAD_TARGET_DEFAULT=1
Target: x86_64-linux-gnu
Configured with: ../src/configure -v --with-pkgversion='Ubuntu 7.5.0-3ubuntu1~18.04' --with-bugurl=file:///usr/share/doc/gcc-7/README.Bugs --enable-languages=c,ada,c++,go,brig,d,fortran,objc,obj-c++ --prefix=/usr --with-gcc-major-version-only --program-suffix=-7 --program-prefix=x86_64-linux-gnu- --enable-shared --enable-linker-build-id --libexecdir=/usr/lib --without-included-gettext --enable-threads=posix --libdir=/usr/lib --enable-nls --enable-bootstrap --enable-clocale=gnu --enable-libstdcxx-debug --enable-libstdcxx-time=yes --with-default-libstdcxx-abi=new --enable-gnu-unique-object --disable-vtable-verify --enable-libmpx --enable-plugin --enable-default-pie --with-system-zlib --with-target-system-zlib --enable-objc-gc=auto --enable-multiarch --disable-werror --with-arch-32=i686 --with-abi=m64 --with-multilib-list=m32,m64,mx32 --enable-multilib --with-tune=generic --enable-offload-targets=nvptx-none --without-cuda-driver --enable-checking=release --build=x86_64-linux-gnu --host=x86_64-linux-gnu --target=x86_64-linux-gnu
Thread model: posix
gcc version 7.5.0 (Ubuntu 7.5.0-3ubuntu1~18.04) 
configure:4655: $? = 0
configure:4644: gcc -V >&5
gcc: error: unrecognized command line option '-V'
gcc: fatal error: no input files
compilation terminated.
configure:4655: $? = 1
configure:4644: gcc -qversion >&5
gcc: error: unrecognized command line option '-qversion'; did you mean '--version'?
gcc: fatal error: no input files
compilation terminated.
configure:4655: $? = 1
configure:4659: checking whether we are using the GNU C compiler
configure:4678: gcc -c   conftest.c >&5
configure:4678: $? = 0
configure:4687: result: yes
configure:4696: checking whether gcc accepts -g
configure:4716: gcc -c -g  conftest.c >&5
configure:4716: $? = 0
configure:4757: result: yes
configure:4774: checking for gcc option to accept ISO C89
configure:4837: gcc  -c -g -O2  conftest.c >&5
configure:4837: $? = 0
configure:4850: result: none needed
configure:4875: checking whether gcc understands -c and -o together
configure:4897: gcc -c conftest.c -o conftest2.o
configure:4900: $? = 0
configure:4897: gcc -c conftest.c -o conftest2.o
configure:4900: $? = 0
configure:4912: result: yes
configure:4931: checking dependency style of gcc
configure:5042: result: gcc3
configure:5223: checking for the pthreads library -lpthreads
configure:5261: gcc -o conftest -g -O2    conftest.c -lpthreads  >&5
/usr/bin/ld: cannot find -lpthreads
collect2: error: ld returned 1 exit status
configure:5261: $? = 1
configure: failed program was:
| /* confdefs.h */
| #define PACKAGE_NAME "Gource"
| #define PACKAGE_TARNAME "gource"
| #define PACKAGE_VERSION "0.53"
| #define PACKAGE_STRING "Gource 0.53"
| #define PACKAGE_BUGREPORT "acaudwell@gmail.com"
| #define PACKAGE_URL ""
| #define PACKAGE "gource"
| #define VERSION "0.53"
| #define HAVE_TIMEGM 1
| #define HAVE_UNSETENV 1
| /* end confdefs.h.  */
| #include <pthread.h>
| 	             static void routine(void* a) {a=0;}
| 	             static void* start_routine(void* a) {return a;}
| int
| main ()
| {
| pthread_t th; pthread_attr_t attr;
|                      pthread_join(th, 0);
|                      pthread_attr_init(&attr);
|                      pthread_cleanup_push(routine, 0);
|                      pthread_create(&th,0,start_routine,0);
|                      pthread_cleanup_pop(0);
|   ;
|   return 0;
| }
configure:5270: result: no
configure:5168: checking whether pthreads work without any flags
configure:5261: gcc -o conftest -g -O2    conftest.c   >&5
/tmp/ccDRw2Jm.o: In function `main':
/home/hutianyu/MyWetsite/huty1998.github.io/demos/gource-0.53/conftest.c:20: undefined reference to `pthread_join'
/home/hutianyu/MyWetsite/huty1998.github.io/demos/gource-0.53/conftest.c:22: undefined reference to `__pthread_register_cancel'
/home/hutianyu/MyWetsite/huty1998.github.io/demos/gource-0.53/conftest.c:23: undefined reference to `pthread_create'
/home/hutianyu/MyWetsite/huty1998.github.io/demos/gource-0.53/conftest.c:24: undefined reference to `__pthread_unregister_cancel'
collect2: error: ld returned 1 exit status
configure:5261: $? = 1
configure: failed program was:
| /* confdefs.h */
| #define PACKAGE_NAME "Gource"
| #define PACKAGE_TARNAME "gource"
| #define PACKAGE_VERSION "0.53"
| #define PACKAGE_STRING "Gource 0.53"
| #define PACKAGE_BUGREPORT "acaudwell@gmail.com"
| #define PACKAGE_URL ""
| #define PACKAGE "gource"
| #define VERSION "0.53"
| #define HAVE_TIMEGM 1
| #define HAVE_UNSETENV 1
| /* end confdefs.h.  */
| #include <pthread.h>
| 	             static void routine(void* a) {a=0;}
| 	             static void* start_routine(void* a) {return a;}
| int
| main ()
| {
| pthread_t th; pthread_attr_t attr;
|                      pthread_join(th, 0);
|                      pthread_attr_init(&attr);
|                      pthread_cleanup_push(routine, 0);
|                      pthread_create(&th,0,start_routine,0);
|                      pthread_cleanup_pop(0);
|   ;
|   return 0;
| }
configure:5270: result: no
configure:5173: checking whether pthreads work with -Kthread
configure:5261: gcc -o conftest -g -O2 -Kthread   conftest.c   >&5
gcc: error: unrecognized command line option '-Kthread'; did you mean '-pthread'?
configure:5261: $? = 1
configure: failed program was:
| /* confdefs.h */
| #define PACKAGE_NAME "Gource"
| #define PACKAGE_TARNAME "gource"
| #define PACKAGE_VERSION "0.53"
| #define PACKAGE_STRING "Gource 0.53"
| #define PACKAGE_BUGREPORT "acaudwell@gmail.com"
| #define PACKAGE_URL ""
| #define PACKAGE "gource"
| #define VERSION "0.53"
| #define HAVE_TIMEGM 1
| #define HAVE_UNSETENV 1
| /* end confdefs.h.  */
| #include <pthread.h>
| 	             static void routine(void* a) {a=0;}
| 	             static void* start_routine(void* a) {return a;}
| int
| main ()
| {
| pthread_t th; pthread_attr_t attr;
|                      pthread_join(th, 0);
|                      pthread_attr_init(&attr);
|                      pthread_cleanup_push(routine, 0);
|                      pthread_create(&th,0,start_routine,0);
|                      pthread_cleanup_pop(0);
|   ;
|   return 0;
| }
configure:5270: result: no
configure:5173: checking whether pthreads work with -kthread
configure:5261: gcc -o conftest -g -O2 -kthread   conftest.c   >&5
gcc: error: unrecognized command line option '-kthread'; did you mean '-pthread'?
configure:5261: $? = 1
configure: failed program was:
| /* confdefs.h */
| #define PACKAGE_NAME "Gource"
| #define PACKAGE_TARNAME "gource"
| #define PACKAGE_VERSION "0.53"
| #define PACKAGE_STRING "Gource 0.53"
| #define PACKAGE_BUGREPORT "acaudwell@gmail.com"
| #define PACKAGE_URL ""
| #define PACKAGE "gource"
| #define VERSION "0.53"
| #define HAVE_TIMEGM 1
| #define HAVE_UNSETENV 1
| /* end confdefs.h.  */
| #include <pthread.h>
| 	             static void routine(void* a) {a=0;}
| 	             static void* start_routine(void* a) {return a;}
| int
| main ()
| {
| pthread_t th; pthread_attr_t attr;
|                      pthread_join(th, 0);
|                      pthread_attr_init(&attr);
|                      pthread_cleanup_push(routine, 0);
|                      pthread_create(&th,0,start_routine,0);
|                      pthread_cleanup_pop(0);
|   ;
|   return 0;
| }
configure:5270: result: no
configure:5223: checking for the pthreads library -llthread
configure:5261: gcc -o conftest -g -O2    conftest.c -llthread  >&5
/usr/bin/ld: cannot find -llthread
collect2: error: ld returned 1 exit status
configure:5261: $? = 1
configure: failed program was:
| /* confdefs.h */
| #define PACKAGE_NAME "Gource"
| #define PACKAGE_TARNAME "gource"
| #define PACKAGE_VERSION "0.53"
| #define PACKAGE_STRING "Gource 0.53"
| #define PACKAGE_BUGREPORT "acaudwell@gmail.com"
| #define PACKAGE_URL ""
| #define PACKAGE "gource"
| #define VERSION "0.53"
| #define HAVE_TIMEGM 1
| #define HAVE_UNSETENV 1
| /* end confdefs.h.  */
| #include <pthread.h>
| 	             static void routine(void* a) {a=0;}
| 	             static void* start_routine(void* a) {return a;}
| int
| main ()
| {
| pthread_t th; pthread_attr_t attr;
|                      pthread_join(th, 0);
|                      pthread_attr_init(&attr);
|                      pthread_cleanup_push(routine, 0);
|                      pthread_create(&th,0,start_routine,0);
|                      pthread_cleanup_pop(0);
|   ;
|   return 0;
| }
configure:5270: result: no
configure:5173: checking whether pthreads work with -pthread
configure:5261: gcc -o conftest -g -O2 -pthread   conftest.c   >&5
configure:5261: $? = 0
configure:5270: result: yes
configure:5289: checking for joinable pthread attribute
configure:5304: gcc -o conftest -g -O2 -pthread   conftest.c   >&5
configure:5304: $? = 0
configure:5310: result: PTHREAD_CREATE_JOINABLE
configure:5320: checking if more special flags are required for pthreads
configure:5327: result: no
configure:5414: checking how to run the C preprocessor
configure:5445: gcc -E  conftest.c
configure:5445: $? = 0
configure:5459: gcc -E  conftest.c
conftest.c:14:10: fatal error: ac_nonexistent.h: No such file or directory
 #include <ac_nonexistent.h>
          ^~~~~~~~~~~~~~~~~~
compilation terminated.
configure:5459: $? = 1
configure: failed program was:
| /* confdefs.h */
| #define PACKAGE_NAME "Gource"
| #define PACKAGE_TARNAME "gource"
| #define PACKAGE_VERSION "0.53"
| #define PACKAGE_STRING "Gource 0.53"
| #define PACKAGE_BUGREPORT "acaudwell@gmail.com"
| #define PACKAGE_URL ""
| #define PACKAGE "gource"
| #define VERSION "0.53"
| #define HAVE_TIMEGM 1
| #define HAVE_UNSETENV 1
| #define HAVE_PTHREAD 1
| /* end confdefs.h.  */
| #include <ac_nonexistent.h>
configure:5484: result: gcc -E
configure:5504: gcc -E  conftest.c
configure:5504: $? = 0
configure:5518: gcc -E  conftest.c
conftest.c:14:10: fatal error: ac_nonexistent.h: No such file or directory
 #include <ac_nonexistent.h>
          ^~~~~~~~~~~~~~~~~~
compilation terminated.
configure:5518: $? = 1
configure: failed program was:
| /* confdefs.h */
| #define PACKAGE_NAME "Gource"
| #define PACKAGE_TARNAME "gource"
| #define PACKAGE_VERSION "0.53"
| #define PACKAGE_STRING "Gource 0.53"
| #define PACKAGE_BUGREPORT "acaudwell@gmail.com"
| #define PACKAGE_URL ""
| #define PACKAGE "gource"
| #define VERSION "0.53"
| #define HAVE_TIMEGM 1
| #define HAVE_UNSETENV 1
| #define HAVE_PTHREAD 1
| /* end confdefs.h.  */
| #include <ac_nonexistent.h>
configure:5547: checking for grep that handles long lines and -e
configure:5605: result: /bin/grep
configure:5610: checking for egrep
configure:5672: result: /bin/grep -E
configure:5677: checking for ANSI C header files
configure:5697: gcc -c -g -O2  conftest.c >&5
configure:5697: $? = 0
configure:5770: gcc -o conftest -g -O2   conftest.c  >&5
configure:5770: $? = 0
configure:5770: ./conftest
configure:5770: $? = 0
configure:5781: result: yes
configure:5794: checking for sys/types.h
configure:5794: gcc -c -g -O2  conftest.c >&5
configure:5794: $? = 0
configure:5794: result: yes
configure:5794: checking for sys/stat.h
configure:5794: gcc -c -g -O2  conftest.c >&5
configure:5794: $? = 0
configure:5794: result: yes
configure:5794: checking for stdlib.h
configure:5794: gcc -c -g -O2  conftest.c >&5
configure:5794: $? = 0
configure:5794: result: yes
configure:5794: checking for string.h
configure:5794: gcc -c -g -O2  conftest.c >&5
configure:5794: $? = 0
configure:5794: result: yes
configure:5794: checking for memory.h
configure:5794: gcc -c -g -O2  conftest.c >&5
configure:5794: $? = 0
configure:5794: result: yes
configure:5794: checking for strings.h
configure:5794: gcc -c -g -O2  conftest.c >&5
configure:5794: $? = 0
configure:5794: result: yes
configure:5794: checking for inttypes.h
configure:5794: gcc -c -g -O2  conftest.c >&5
configure:5794: $? = 0
configure:5794: result: yes
configure:5794: checking for stdint.h
configure:5794: gcc -c -g -O2  conftest.c >&5
configure:5794: $? = 0
configure:5794: result: yes
configure:5794: checking for unistd.h
configure:5794: gcc -c -g -O2  conftest.c >&5
configure:5794: $? = 0
configure:5794: result: yes
configure:5813: checking whether we are using the Microsoft C compiler
configure:5832: gcc -c -g -O2  conftest.c >&5
conftest.c: In function 'main':
conftest.c:29:8: error: unknown type name 'choke'
        choke me
        ^~~~~
configure:5832: $? = 1
configure: failed program was:
| /* confdefs.h */
| #define PACKAGE_NAME "Gource"
| #define PACKAGE_TARNAME "gource"
| #define PACKAGE_VERSION "0.53"
| #define PACKAGE_STRING "Gource 0.53"
| #define PACKAGE_BUGREPORT "acaudwell@gmail.com"
| #define PACKAGE_URL ""
| #define PACKAGE "gource"
| #define VERSION "0.53"
| #define HAVE_TIMEGM 1
| #define HAVE_UNSETENV 1
| #define HAVE_PTHREAD 1
| #define STDC_HEADERS 1
| #define HAVE_SYS_TYPES_H 1
| #define HAVE_SYS_STAT_H 1
| #define HAVE_STDLIB_H 1
| #define HAVE_STRING_H 1
| #define HAVE_MEMORY_H 1
| #define HAVE_STRINGS_H 1
| #define HAVE_INTTYPES_H 1
| #define HAVE_STDINT_H 1
| #define HAVE_UNISTD_H 1
| /* end confdefs.h.  */
| 
| int
| main ()
| {
| #ifndef _MSC_VER
|        choke me
| #endif
| 
|   ;
|   return 0;
| }
configure:5841: result: no
configure:5857: checking windows.h usability
configure:5857: gcc -c -g -O2  conftest.c >&5
conftest.c:57:10: fatal error: windows.h: No such file or directory
 #include <windows.h>
          ^~~~~~~~~~~
compilation terminated.
configure:5857: $? = 1
configure: failed program was:
| /* confdefs.h */
| #define PACKAGE_NAME "Gource"
| #define PACKAGE_TARNAME "gource"
| #define PACKAGE_VERSION "0.53"
| #define PACKAGE_STRING "Gource 0.53"
| #define PACKAGE_BUGREPORT "acaudwell@gmail.com"
| #define PACKAGE_URL ""
| #define PACKAGE "gource"
| #define VERSION "0.53"
| #define HAVE_TIMEGM 1
| #define HAVE_UNSETENV 1
| #define HAVE_PTHREAD 1
| #define STDC_HEADERS 1
| #define HAVE_SYS_TYPES_H 1
| #define HAVE_SYS_STAT_H 1
| #define HAVE_STDLIB_H 1
| #define HAVE_STRING_H 1
| #define HAVE_MEMORY_H 1
| #define HAVE_STRINGS_H 1
| #define HAVE_INTTYPES_H 1
| #define HAVE_STDINT_H 1
| #define HAVE_UNISTD_H 1
| /* end confdefs.h.  */
| #include <stdio.h>
| #ifdef HAVE_SYS_TYPES_H
| # include <sys/types.h>
| #endif
| #ifdef HAVE_SYS_STAT_H
| # include <sys/stat.h>
| #endif
| #ifdef STDC_HEADERS
| # include <stdlib.h>
| # include <stddef.h>
| #else
| # ifdef HAVE_STDLIB_H
| #  include <stdlib.h>
| # endif
| #endif
| #ifdef HAVE_STRING_H
| # if !defined STDC_HEADERS && defined HAVE_MEMORY_H
| #  include <memory.h>
| # endif
| # include <string.h>
| #endif
| #ifdef HAVE_STRINGS_H
| # include <strings.h>
| #endif
| #ifdef HAVE_INTTYPES_H
| # include <inttypes.h>
| #endif
| #ifdef HAVE_STDINT_H
| # include <stdint.h>
| #endif
| #ifdef HAVE_UNISTD_H
| # include <unistd.h>
| #endif
| #include <windows.h>
configure:5857: result: no
configure:5857: checking windows.h presence
configure:5857: gcc -E  conftest.c
conftest.c:24:10: fatal error: windows.h: No such file or directory
 #include <windows.h>
          ^~~~~~~~~~~
compilation terminated.
configure:5857: $? = 1
configure: failed program was:
| /* confdefs.h */
| #define PACKAGE_NAME "Gource"
| #define PACKAGE_TARNAME "gource"
| #define PACKAGE_VERSION "0.53"
| #define PACKAGE_STRING "Gource 0.53"
| #define PACKAGE_BUGREPORT "acaudwell@gmail.com"
| #define PACKAGE_URL ""
| #define PACKAGE "gource"
| #define VERSION "0.53"
| #define HAVE_TIMEGM 1
| #define HAVE_UNSETENV 1
| #define HAVE_PTHREAD 1
| #define STDC_HEADERS 1
| #define HAVE_SYS_TYPES_H 1
| #define HAVE_SYS_STAT_H 1
| #define HAVE_STDLIB_H 1
| #define HAVE_STRING_H 1
| #define HAVE_MEMORY_H 1
| #define HAVE_STRINGS_H 1
| #define HAVE_INTTYPES_H 1
| #define HAVE_STDINT_H 1
| #define HAVE_UNISTD_H 1
| /* end confdefs.h.  */
| #include <windows.h>
configure:5857: result: no
configure:5857: checking for windows.h
configure:5857: result: no
configure:5873: checking for GL/gl.h
configure:5873: gcc -c -g -O2 -pthread  conftest.c >&5
configure:5873: $? = 0
configure:5873: result: yes
configure:5873: checking for OpenGL/gl.h
configure:5873: gcc -c -g -O2 -pthread  conftest.c >&5
conftest.c:31:10: fatal error: OpenGL/gl.h: No such file or directory
 #include <OpenGL/gl.h>
          ^~~~~~~~~~~~~
compilation terminated.
configure:5873: $? = 1
configure: failed program was:
| /* confdefs.h */
| #define PACKAGE_NAME "Gource"
| #define PACKAGE_TARNAME "gource"
| #define PACKAGE_VERSION "0.53"
| #define PACKAGE_STRING "Gource 0.53"
| #define PACKAGE_BUGREPORT "acaudwell@gmail.com"
| #define PACKAGE_URL ""
| #define PACKAGE "gource"
| #define VERSION "0.53"
| #define HAVE_TIMEGM 1
| #define HAVE_UNSETENV 1
| #define HAVE_PTHREAD 1
| #define STDC_HEADERS 1
| #define HAVE_SYS_TYPES_H 1
| #define HAVE_SYS_STAT_H 1
| #define HAVE_STDLIB_H 1
| #define HAVE_STRING_H 1
| #define HAVE_MEMORY_H 1
| #define HAVE_STRINGS_H 1
| #define HAVE_INTTYPES_H 1
| #define HAVE_STDINT_H 1
| #define HAVE_UNISTD_H 1
| #define HAVE_GL_GL_H 1
| /* end confdefs.h.  */
| 
| # if defined(HAVE_WINDOWS_H) && defined(_WIN32)
| #   include <windows.h>
| # endif
| 
| 
| #include <OpenGL/gl.h>
configure:5873: result: no
configure:5894: checking for OpenGL library
configure:5941: gcc -o conftest -g -O2  -pthread   conftest.c -lopengl32  >&5
/usr/bin/ld: cannot find -lopengl32
collect2: error: ld returned 1 exit status
configure:5941: $? = 1
configure: failed program was:
| /* confdefs.h */
| #define PACKAGE_NAME "Gource"
| #define PACKAGE_TARNAME "gource"
| #define PACKAGE_VERSION "0.53"
| #define PACKAGE_STRING "Gource 0.53"
| #define PACKAGE_BUGREPORT "acaudwell@gmail.com"
| #define PACKAGE_URL ""
| #define PACKAGE "gource"
| #define VERSION "0.53"
| #define HAVE_TIMEGM 1
| #define HAVE_UNSETENV 1
| #define HAVE_PTHREAD 1
| #define STDC_HEADERS 1
| #define HAVE_SYS_TYPES_H 1
| #define HAVE_SYS_STAT_H 1
| #define HAVE_STDLIB_H 1
| #define HAVE_STRING_H 1
| #define HAVE_MEMORY_H 1
| #define HAVE_STRINGS_H 1
| #define HAVE_INTTYPES_H 1
| #define HAVE_STDINT_H 1
| #define HAVE_UNISTD_H 1
| #define HAVE_GL_GL_H 1
| /* end confdefs.h.  */
| 
| # if defined(HAVE_WINDOWS_H) && defined(_WIN32)
| #   include <windows.h>
| # endif
| # ifdef HAVE_GL_GL_H
| #   include <GL/gl.h>
| # elif defined(HAVE_OPENGL_GL_H)
| #   include <OpenGL/gl.h>
| # else
| #   error no gl.h
| # endif
| int
| main ()
| {
| glBegin(0)
|   ;
|   return 0;
| }
configure:5967: gcc -o conftest -g -O2  -pthread   -L/usr/lib64/nvidia conftest.c -lopengl32  >&5
/usr/bin/ld: cannot find -lopengl32
collect2: error: ld returned 1 exit status
configure:5967: $? = 1
configure: failed program was:
| /* confdefs.h */
| #define PACKAGE_NAME "Gource"
| #define PACKAGE_TARNAME "gource"
| #define PACKAGE_VERSION "0.53"
| #define PACKAGE_STRING "Gource 0.53"
| #define PACKAGE_BUGREPORT "acaudwell@gmail.com"
| #define PACKAGE_URL ""
| #define PACKAGE "gource"
| #define VERSION "0.53"
| #define HAVE_TIMEGM 1
| #define HAVE_UNSETENV 1
| #define HAVE_PTHREAD 1
| #define STDC_HEADERS 1
| #define HAVE_SYS_TYPES_H 1
| #define HAVE_SYS_STAT_H 1
| #define HAVE_STDLIB_H 1
| #define HAVE_STRING_H 1
| #define HAVE_MEMORY_H 1
| #define HAVE_STRINGS_H 1
| #define HAVE_INTTYPES_H 1
| #define HAVE_STDINT_H 1
| #define HAVE_UNISTD_H 1
| #define HAVE_GL_GL_H 1
| /* end confdefs.h.  */
| 
| # if defined(HAVE_WINDOWS_H) && defined(_WIN32)
| #   include <windows.h>
| # endif
| # ifdef HAVE_GL_GL_H
| #   include <GL/gl.h>
| # elif defined(HAVE_OPENGL_GL_H)
| #   include <OpenGL/gl.h>
| # else
| #   error no gl.h
| # endif
| int
| main ()
| {
| glBegin(0)
|   ;
|   return 0;
| }
configure:5993: gcc -o conftest -g -O2  -pthread   -dylib_file /System/Library/Frameworks/OpenGL.framework/Versions/A/Libraries/libGL.dylib:/System/Library/Frameworks/OpenGL.framework/Versions/A/Libraries/libGL.dylib conftest.c -lopengl32  >&5
gcc: error: /System/Library/Frameworks/OpenGL.framework/Versions/A/Libraries/libGL.dylib:/System/Library/Frameworks/OpenGL.framework/Versions/A/Libraries/libGL.dylib: No such file or directory
configure:5993: $? = 1
configure: failed program was:
| /* confdefs.h */
| #define PACKAGE_NAME "Gource"
| #define PACKAGE_TARNAME "gource"
| #define PACKAGE_VERSION "0.53"
| #define PACKAGE_STRING "Gource 0.53"
| #define PACKAGE_BUGREPORT "acaudwell@gmail.com"
| #define PACKAGE_URL ""
| #define PACKAGE "gource"
| #define VERSION "0.53"
| #define HAVE_TIMEGM 1
| #define HAVE_UNSETENV 1
| #define HAVE_PTHREAD 1
| #define STDC_HEADERS 1
| #define HAVE_SYS_TYPES_H 1
| #define HAVE_SYS_STAT_H 1
| #define HAVE_STDLIB_H 1
| #define HAVE_STRING_H 1
| #define HAVE_MEMORY_H 1
| #define HAVE_STRINGS_H 1
| #define HAVE_INTTYPES_H 1
| #define HAVE_STDINT_H 1
| #define HAVE_UNISTD_H 1
| #define HAVE_GL_GL_H 1
| /* end confdefs.h.  */
| 
| # if defined(HAVE_WINDOWS_H) && defined(_WIN32)
| #   include <windows.h>
| # endif
| # ifdef HAVE_GL_GL_H
| #   include <GL/gl.h>
| # elif defined(HAVE_OPENGL_GL_H)
| #   include <OpenGL/gl.h>
| # else
| #   error no gl.h
| # endif
| int
| main ()
| {
| glBegin(0)
|   ;
|   return 0;
| }
configure:5941: gcc -o conftest -g -O2  -pthread   conftest.c -lGL  >&5
configure:5941: $? = 0
configure:6037: gcc -o conftest -g -O2  -pthread   conftest.c -lGL  >&5
conftest.c: In function 'main':
conftest.c:39:1: warning: implicit declaration of function 'glXQueryVersion' [-Wimplicit-function-declaration]
 glXQueryVersion(0, 0, 0)
 ^~~~~~~~~~~~~~~
configure:6037: $? = 0
configure:6080: result: -lGL
configure:6105: checking for GL/glu.h
configure:6105: g++ -c -g -O2 -pthread  conftest.cpp >&5
configure:6105: $? = 0
configure:6105: result: yes
configure:6105: checking for OpenGL/glu.h
configure:6105: g++ -c -g -O2 -pthread  conftest.cpp >&5
conftest.cpp:32:10: fatal error: OpenGL/glu.h: No such file or directory
 #include <OpenGL/glu.h>
          ^~~~~~~~~~~~~~
compilation terminated.
configure:6105: $? = 1
configure: failed program was:
| /* confdefs.h */
| #define PACKAGE_NAME "Gource"
| #define PACKAGE_TARNAME "gource"
| #define PACKAGE_VERSION "0.53"
| #define PACKAGE_STRING "Gource 0.53"
| #define PACKAGE_BUGREPORT "acaudwell@gmail.com"
| #define PACKAGE_URL ""
| #define PACKAGE "gource"
| #define VERSION "0.53"
| #define HAVE_TIMEGM 1
| #define HAVE_UNSETENV 1
| #define HAVE_PTHREAD 1
| #define STDC_HEADERS 1
| #define HAVE_SYS_TYPES_H 1
| #define HAVE_SYS_STAT_H 1
| #define HAVE_STDLIB_H 1
| #define HAVE_STRING_H 1
| #define HAVE_MEMORY_H 1
| #define HAVE_STRINGS_H 1
| #define HAVE_INTTYPES_H 1
| #define HAVE_STDINT_H 1
| #define HAVE_UNISTD_H 1
| #define HAVE_GL_GL_H 1
| #define HAVE_GL_GLU_H 1
| /* end confdefs.h.  */
| 
| # if defined(HAVE_WINDOWS_H) && defined(_WIN32)
| #   include <windows.h>
| # endif
| 
| 
| #include <OpenGL/glu.h>
configure:6105: result: no
configure:6124: checking for OpenGL Utility library
configure:6181: g++ -o conftest -g -O2 -pthread   -lGL  conftest.cpp  >&5
/tmp/cclUjp0S.o: In function `main':
/home/hutianyu/MyWetsite/huty1998.github.io/demos/gource-0.53/conftest.cpp:40: undefined reference to `gluBeginCurve'
collect2: error: ld returned 1 exit status
configure:6181: $? = 1
configure: failed program was:
| /* confdefs.h */
| #define PACKAGE_NAME "Gource"
| #define PACKAGE_TARNAME "gource"
| #define PACKAGE_VERSION "0.53"
| #define PACKAGE_STRING "Gource 0.53"
| #define PACKAGE_BUGREPORT "acaudwell@gmail.com"
| #define PACKAGE_URL ""
| #define PACKAGE "gource"
| #define VERSION "0.53"
| #define HAVE_TIMEGM 1
| #define HAVE_UNSETENV 1
| #define HAVE_PTHREAD 1
| #define STDC_HEADERS 1
| #define HAVE_SYS_TYPES_H 1
| #define HAVE_SYS_STAT_H 1
| #define HAVE_STDLIB_H 1
| #define HAVE_STRING_H 1
| #define HAVE_MEMORY_H 1
| #define HAVE_STRINGS_H 1
| #define HAVE_INTTYPES_H 1
| #define HAVE_STDINT_H 1
| #define HAVE_UNISTD_H 1
| #define HAVE_GL_GL_H 1
| #define HAVE_GL_GLU_H 1
| /* end confdefs.h.  */
| 
| # if defined(HAVE_WINDOWS_H) && defined(_WIN32)
| #   include <windows.h>
| # endif
| # ifdef HAVE_GL_GLU_H
| #   include <GL/glu.h>
| # elif defined(HAVE_OPENGL_GLU_H)
| #   include <OpenGL/glu.h>
| # else
| #   error no glu.h
| # endif
| int
| main ()
| {
| gluBeginCurve(0)
|   ;
|   return 0;
| }
configure:6214: g++ -o conftest -g -O2 -pthread   -lGL  conftest.cpp -lglu32  >&5
/usr/bin/ld: cannot find -lglu32
collect2: error: ld returned 1 exit status
configure:6214: $? = 1
configure: failed program was:
| /* confdefs.h */
| #define PACKAGE_NAME "Gource"
| #define PACKAGE_TARNAME "gource"
| #define PACKAGE_VERSION "0.53"
| #define PACKAGE_STRING "Gource 0.53"
| #define PACKAGE_BUGREPORT "acaudwell@gmail.com"
| #define PACKAGE_URL ""
| #define PACKAGE "gource"
| #define VERSION "0.53"
| #define HAVE_TIMEGM 1
| #define HAVE_UNSETENV 1
| #define HAVE_PTHREAD 1
| #define STDC_HEADERS 1
| #define HAVE_SYS_TYPES_H 1
| #define HAVE_SYS_STAT_H 1
| #define HAVE_STDLIB_H 1
| #define HAVE_STRING_H 1
| #define HAVE_MEMORY_H 1
| #define HAVE_STRINGS_H 1
| #define HAVE_INTTYPES_H 1
| #define HAVE_STDINT_H 1
| #define HAVE_UNISTD_H 1
| #define HAVE_GL_GL_H 1
| #define HAVE_GL_GLU_H 1
| /* end confdefs.h.  */
| 
| # if defined(HAVE_WINDOWS_H) && defined(_WIN32)
| #   include <windows.h>
| # endif
| # ifdef HAVE_GL_GLU_H
| #   include <GL/glu.h>
| # elif defined(HAVE_OPENGL_GLU_H)
| #   include <OpenGL/glu.h>
| # else
| #   error no glu.h
| # endif
| int
| main ()
| {
| gluBeginCurve(0)
|   ;
|   return 0;
| }
configure:6214: g++ -o conftest -g -O2 -pthread   -lGL  conftest.cpp -lGLU  >&5
configure:6214: $? = 0
configure:6242: result: -lGLU
configure:6261: checking for varargs GLU tesselator callback function type
configure:6291: g++ -c -pthread -g -O2  conftest.cpp >&5
conftest.cpp: In function 'int main()':
conftest.cpp:35:48: error: invalid conversion from 'GLvoid (*)(...) {aka void (*)(...)}' to '_GLUfuncptr {aka void (*)()}' [-fpermissive]
 GLvoid (*func)(...); gluTessCallback(0, 0, func)
                                                ^
In file included from conftest.cpp:28:0:
/usr/include/GL/glu.h:340:23: note:   initializing argument 3 of 'void gluTessCallback(GLUtesselator*, GLenum, _GLUfuncptr)'
 GLAPI void GLAPIENTRY gluTessCallback (GLUtesselator* tess, GLenum which, _GLUfuncptr CallBackFunc);
                       ^~~~~~~~~~~~~~~
configure:6291: $? = 1
configure: failed program was:
| /* confdefs.h */
| #define PACKAGE_NAME "Gource"
| #define PACKAGE_TARNAME "gource"
| #define PACKAGE_VERSION "0.53"
| #define PACKAGE_STRING "Gource 0.53"
| #define PACKAGE_BUGREPORT "acaudwell@gmail.com"
| #define PACKAGE_URL ""
| #define PACKAGE "gource"
| #define VERSION "0.53"
| #define HAVE_TIMEGM 1
| #define HAVE_UNSETENV 1
| #define HAVE_PTHREAD 1
| #define STDC_HEADERS 1
| #define HAVE_SYS_TYPES_H 1
| #define HAVE_SYS_STAT_H 1
| #define HAVE_STDLIB_H 1
| #define HAVE_STRING_H 1
| #define HAVE_MEMORY_H 1
| #define HAVE_STRINGS_H 1
| #define HAVE_INTTYPES_H 1
| #define HAVE_STDINT_H 1
| #define HAVE_UNISTD_H 1
| #define HAVE_GL_GL_H 1
| #define HAVE_GL_GLU_H 1
| /* end confdefs.h.  */
| 
| # ifdef HAVE_GL_GLU_H
| #   include <GL/glu.h>
| # else
| #   include <OpenGL/glu.h>
| # endif
| int
| main ()
| {
| GLvoid (*func)(...); gluTessCallback(0, 0, func)
|   ;
|   return 0;
| }
configure:6303: result: no
configure:6365: checking for pkg-config
configure:6383: found /usr/bin/pkg-config
configure:6395: result: /usr/bin/pkg-config
configure:6420: checking pkg-config is at least version 0.9.0
configure:6423: result: yes
configure:6434: checking for FT2
configure:6442: $PKG_CONFIG --exists --print-errors "freetype2 >= 9.0.3"
configure:6445: $? = 0
configure:6460: $PKG_CONFIG --exists --print-errors "freetype2 >= 9.0.3"
configure:6463: $? = 0
configure:6518: result: yes
configure:6524: checking for PCRE2
configure:6532: $PKG_CONFIG --exists --print-errors "libpcre2-8"
Package libpcre2-8 was not found in the pkg-config search path.
Perhaps you should add the directory containing `libpcre2-8.pc'
to the PKG_CONFIG_PATH environment variable
No package 'libpcre2-8' found
configure:6535: $? = 1
configure:6550: $PKG_CONFIG --exists --print-errors "libpcre2-8"
Package libpcre2-8 was not found in the pkg-config search path.
Perhaps you should add the directory containing `libpcre2-8.pc'
to the PKG_CONFIG_PATH environment variable
No package 'libpcre2-8' found
configure:6553: $? = 1
No package 'libpcre2-8' found
configure:6581: error: Package requirements (libpcre2-8) were not met:

No package 'libpcre2-8' found

Consider adjusting the PKG_CONFIG_PATH environment variable if you
installed software in a non-standard prefix.

Alternatively, you may set the environment variables PCRE2_CFLAGS
and PCRE2_LIBS to avoid the need to call pkg-config.
See the pkg-config man page for more details.


## ---------------- ##
## Cache variables. ##
## ---------------- ##

ac_cv_build=x86_64-pc-linux-gnu
ac_cv_c_compiler_gnu=yes
ac_cv_cxx_compiler_gnu=yes
ac_cv_env_CCC_set=
ac_cv_env_CCC_value=
ac_cv_env_CC_set=
ac_cv_env_CC_value=
ac_cv_env_CFLAGS_set=
ac_cv_env_CFLAGS_value=
ac_cv_env_CPPFLAGS_set=
ac_cv_env_CPPFLAGS_value=
ac_cv_env_CPP_set=
ac_cv_env_CPP_value=
ac_cv_env_CXXCPP_set=
ac_cv_env_CXXCPP_value=
ac_cv_env_CXXFLAGS_set=
ac_cv_env_CXXFLAGS_value=
ac_cv_env_CXX_set=
ac_cv_env_CXX_value=
ac_cv_env_FT2_CFLAGS_set=
ac_cv_env_FT2_CFLAGS_value=
ac_cv_env_FT2_LIBS_set=
ac_cv_env_FT2_LIBS_value=
ac_cv_env_GLEW_CFLAGS_set=
ac_cv_env_GLEW_CFLAGS_value=
ac_cv_env_GLEW_LIBS_set=
ac_cv_env_GLEW_LIBS_value=
ac_cv_env_LDFLAGS_set=
ac_cv_env_LDFLAGS_value=
ac_cv_env_LIBS_set=
ac_cv_env_LIBS_value=
ac_cv_env_PCRE2_CFLAGS_set=
ac_cv_env_PCRE2_CFLAGS_value=
ac_cv_env_PCRE2_LIBS_set=
ac_cv_env_PCRE2_LIBS_value=
ac_cv_env_PKG_CONFIG_set=
ac_cv_env_PKG_CONFIG_value=
ac_cv_env_PNG_CFLAGS_set=
ac_cv_env_PNG_CFLAGS_value=
ac_cv_env_PNG_LIBS_set=
ac_cv_env_PNG_LIBS_value=
ac_cv_env_SDL2_CFLAGS_set=
ac_cv_env_SDL2_CFLAGS_value=
ac_cv_env_SDL2_LIBS_set=
ac_cv_env_SDL2_LIBS_value=
ac_cv_env_XMKMF_set=
ac_cv_env_XMKMF_value=
ac_cv_env_build_alias_set=
ac_cv_env_build_alias_value=
ac_cv_env_host_alias_set=
ac_cv_env_host_alias_value=
ac_cv_env_target_alias_set=
ac_cv_env_target_alias_value=
ac_cv_func_timegm=yes
ac_cv_func_unsetenv=yes
ac_cv_have_x='have_x=yes	ac_x_includes='\'''\''	ac_x_libraries='\'''\'''
ac_cv_header_GL_gl_h=yes
ac_cv_header_GL_glu_h=yes
ac_cv_header_OpenGL_gl_h=no
ac_cv_header_OpenGL_glu_h=no
ac_cv_header_inttypes_h=yes
ac_cv_header_memory_h=yes
ac_cv_header_stdc=yes
ac_cv_header_stdint_h=yes
ac_cv_header_stdlib_h=yes
ac_cv_header_string_h=yes
ac_cv_header_strings_h=yes
ac_cv_header_sys_stat_h=yes
ac_cv_header_sys_types_h=yes
ac_cv_header_unistd_h=yes
ac_cv_header_windows_h=no
ac_cv_host=x86_64-pc-linux-gnu
ac_cv_objext=o
ac_cv_path_EGREP='/bin/grep -E'
ac_cv_path_GREP=/bin/grep
ac_cv_path_SED=/bin/sed
ac_cv_path_ac_pt_PKG_CONFIG=/usr/bin/pkg-config
ac_cv_path_install='/usr/bin/install -c'
ac_cv_path_mkdir=/bin/mkdir
ac_cv_prog_AWK=mawk
ac_cv_prog_CPP='gcc -E'
ac_cv_prog_CXXCPP='g++ -E'
ac_cv_prog_ac_ct_CC=gcc
ac_cv_prog_ac_ct_CXX=g++
ac_cv_prog_cc_c89=
ac_cv_prog_cc_g=yes
ac_cv_prog_cxx_g=yes
ac_cv_prog_make_make_set=yes
am_cv_CC_dependencies_compiler_type=gcc3
am_cv_CXX_dependencies_compiler_type=gcc3
am_cv_make_support_nested_variables=yes
am_cv_prog_cc_c_o=yes
ax_cv_c_compiler_ms=no
ax_cv_check_gl_libgl=-lGL
ax_cv_check_glu_libglu=-lGLU
ax_cv_varargs_glu_tesscb=no
pkg_cv_FT2_CFLAGS='-I/usr/include/freetype2 -I/usr/include/libpng16'
pkg_cv_FT2_LIBS=-lfreetype

## ----------------- ##
## Output variables. ##
## ----------------- ##

ACLOCAL='${SHELL} /home/hutianyu/MyWetsite/huty1998.github.io/demos/gource-0.53/build-aux/missing aclocal-1.15'
AMDEPBACKSLASH='\'
AMDEP_FALSE='#'
AMDEP_TRUE=''
AMTAR='$${TAR-tar}'
AM_BACKSLASH='\'
AM_DEFAULT_V='$(AM_DEFAULT_VERBOSITY)'
AM_DEFAULT_VERBOSITY='1'
AM_V='$(V)'
AUTOCONF='${SHELL} /home/hutianyu/MyWetsite/huty1998.github.io/demos/gource-0.53/build-aux/missing autoconf'
AUTOHEADER='${SHELL} /home/hutianyu/MyWetsite/huty1998.github.io/demos/gource-0.53/build-aux/missing autoheader'
AUTOMAKE='${SHELL} /home/hutianyu/MyWetsite/huty1998.github.io/demos/gource-0.53/build-aux/missing automake-1.15'
AWK='mawk'
BOOST_CPPFLAGS=''
BOOST_FILESYSTEM_LIB=''
BOOST_LDFLAGS=''
BOOST_SYSTEM_LIB=''
CC='gcc'
CCDEPMODE='depmode=gcc3'
CFLAGS='-g -O2'
CPP='gcc -E'
CPPFLAGS=' -pthread -pthread'
CXX='g++'
CXXCPP='g++ -E'
CXXDEPMODE='depmode=gcc3'
CXXFLAGS='-g -O2 -pthread -pthread'
CYGPATH_W='echo'
DEFS=''
DEPDIR='.deps'
ECHO_C=''
ECHO_N='-n'
ECHO_T=''
EGREP='/bin/grep -E'
EXEEXT=''
FONTDIR_FALSE=''
FONTDIR_TRUE=''
FONTFILE_FALSE=''
FONTFILE_TRUE=''
FT2_CFLAGS='-I/usr/include/freetype2 -I/usr/include/libpng16'
FT2_LIBS='-lfreetype'
GLEW_CFLAGS=''
GLEW_LIBS=''
GLU_CFLAGS='-pthread'
GLU_LIBS='-lGLU'
GL_CFLAGS='-pthread'
GL_LIBS='-lGL '
GREP='/bin/grep'
INSTALL_DATA='${INSTALL} -m 644'
INSTALL_PROGRAM='${INSTALL}'
INSTALL_SCRIPT='${INSTALL}'
INSTALL_STRIP_PROGRAM='$(install_sh) -c -s'
LDFLAGS=''
LIBOBJS=''
LIBS=' -lGL  -lGLU'
LTLIBOBJS=''
MAKEINFO='${SHELL} /home/hutianyu/MyWetsite/huty1998.github.io/demos/gource-0.53/build-aux/missing makeinfo'
MKDIR_P='/bin/mkdir -p'
OBJEXT='o'
PACKAGE='gource'
PACKAGE_BUGREPORT='acaudwell@gmail.com'
PACKAGE_NAME='Gource'
PACKAGE_STRING='Gource 0.53'
PACKAGE_TARNAME='gource'
PACKAGE_URL=''
PACKAGE_VERSION='0.53'
PATH_SEPARATOR=':'
PCRE2_CFLAGS=''
PCRE2_LIBS=''
PKG_CONFIG='/usr/bin/pkg-config'
PNG_CFLAGS=''
PNG_LIBS=''
PTHREAD_CC='gcc'
PTHREAD_CFLAGS='-pthread'
PTHREAD_LIBS=''
SDL2_CFLAGS=''
SDL2_LIBS=''
SED='/bin/sed'
SET_MAKE=''
SHELL='/bin/bash'
STRIP=''
USE_BUNDLED_TINYXML_FALSE=''
USE_BUNDLED_TINYXML_TRUE=''
VERSION='0.53'
XMKMF=''
ac_ct_CC='gcc'
ac_ct_CXX='g++'
am__EXEEXT_FALSE=''
am__EXEEXT_TRUE=''
am__fastdepCC_FALSE='#'
am__fastdepCC_TRUE=''
am__fastdepCXX_FALSE='#'
am__fastdepCXX_TRUE=''
am__include='include'
am__isrc=''
am__leading_dot='.'
am__nodep='_no'
am__quote=''
am__tar='$${TAR-tar} chof - "$$tardir"'
am__untar='$${TAR-tar} xf -'
ax_pthread_config=''
bindir='${exec_prefix}/bin'
build='x86_64-pc-linux-gnu'
build_alias=''
build_cpu='x86_64'
build_os='linux-gnu'
build_vendor='pc'
datadir='${datarootdir}'
datarootdir='${prefix}/share'
docdir='${datarootdir}/doc/${PACKAGE_TARNAME}'
dvidir='${docdir}'
exec_prefix='NONE'
gourcefontdir=''
gourcefontfile=''
host='x86_64-pc-linux-gnu'
host_alias=''
host_cpu='x86_64'
host_os='linux-gnu'
host_vendor='pc'
htmldir='${docdir}'
includedir='${prefix}/include'
infodir='${datarootdir}/info'
install_sh='${SHELL} /home/hutianyu/MyWetsite/huty1998.github.io/demos/gource-0.53/build-aux/install-sh'
libdir='${exec_prefix}/lib'
libexecdir='${exec_prefix}/libexec'
localedir='${datarootdir}/locale'
localstatedir='${prefix}/var'
mandir='${datarootdir}/man'
mkdir_p='$(MKDIR_P)'
oldincludedir='/usr/include'
pdfdir='${docdir}'
prefix='NONE'
program_transform_name='s,x,x,'
psdir='${docdir}'
runstatedir='${localstatedir}/run'
sbindir='${exec_prefix}/sbin'
sharedstatedir='${prefix}/com'
sysconfdir='${prefix}/etc'
target_alias=''

## ----------- ##
## confdefs.h. ##
## ----------- ##

/* confdefs.h */
#define PACKAGE_NAME "Gource"
#define PACKAGE_TARNAME "gource"
#define PACKAGE_VERSION "0.53"
#define PACKAGE_STRING "Gource 0.53"
#define PACKAGE_BUGREPORT "acaudwell@gmail.com"
#define PACKAGE_URL ""
#define PACKAGE "gource"
#define VERSION "0.53"
#define HAVE_TIMEGM 1
#define HAVE_UNSETENV 1
#define HAVE_PTHREAD 1
#define STDC_HEADERS 1
#define HAVE_SYS_TYPES_H 1
#define HAVE_SYS_STAT_H 1
#define HAVE_STDLIB_H 1
#define HAVE_STRING_H 1
#define HAVE_MEMORY_H 1
#define HAVE_STRINGS_H 1
#define HAVE_INTTYPES_H 1
#define HAVE_STDINT_H 1
#define HAVE_UNISTD_H 1
#define HAVE_GL_GL_H 1
#define HAVE_GL_GLU_H 1

configure: exit 1
