make all --print-data-base --no-builtin-variables --no-builtin-rules --question
make: *** No rule to make target 'all'.  Stop.

# GNU Make 4.1
# Built for x86_64-pc-linux-gnu
# Copyright (C) 1988-2014 Free Software Foundation, Inc.
# License GPLv3+: GNU GPL version 3 or later <http://gnu.org/licenses/gpl.html>
# This is free software: you are free to change and redistribute it.
# There is NO WARRANTY, to the extent permitted by law.
 

# Make data base, printed on Thu Aug 11 10:11:37 2022

# Variables

# automatic
<D = $(patsubst %/,%,$(dir $<))
# automatic
?F = $(notdir $?)
# default
.SHELLFLAGS := -c
# environment
VSCODE_LOG_NATIVE = false
# automatic
?D = $(patsubst %/,%,$(dir $?))
# automatic
@D = $(patsubst %/,%,$(dir $@))
# automatic
@F = $(notdir $@)
# environment
XMODIFIERS = @im=ibus
# makefile
CURDIR := /home/hutianyu/MyWetsite/huty1998.github.io
# makefile
SHELL = /bin/sh
# environment
VSCODE_NLS_CONFIG = {"locale":"zh-cn","availableLanguages":{"*":"zh-cn"},"_languagePackId":"42e84e0914b17800d483f69e299e1b00.zh-cn","_translationsConfigFile":"/home/hutianyu/.config/Code/clp/42e84e0914b17800d483f69e299e1b00.zh-cn/tcf.json","_cacheRoot":"/home/hutianyu/.config/Code/clp/42e84e0914b17800d483f69e299e1b00.zh-cn","_resolvedLanguagePackCoreLocation":"/home/hutianyu/.config/Code/clp/42e84e0914b17800d483f69e299e1b00.zh-cn/da15b6fd3ef856477bf6f4fb29ba1b7af717770d","_corruptedFile":"/home/hutianyu/.config/Code/clp/42e84e0914b17800d483f69e299e1b00.zh-cn/corrupted.info","_languagePackSupport":true}
# environment
_ = /usr/share/code/code
# makefile (from 'Makefile', line 1)
MAKEFILE_LIST :=  Makefile
# environment
GIO_LAUNCHED_DESKTOP_FILE = /usr/share/applications/code.desktop
# 'override' directive
GNUMAKEFLAGS := 
# environment
MAKELEVEL := 0
# environment
XDG_DATA_DIRS = /usr/local/share:/usr/share:/var/lib/snapd/desktop
# environment
VSCODE_AMD_ENTRYPOINT = vs/workbench/api/node/extensionHostProcess
# environment
DBUS_SESSION_BUS_ADDRESS = unix:abstract=/tmp/dbus-0PJGW5mWDa,guid=ebbc2a089dd978a0e62b0f1162da598a
# environment
VSCODE_VERBOSE_LOGGING = true
# environment
VSCODE_IPC_HOOK_EXTHOST = /run/user/1001/vscode-ipc-356d2d9b-8265-4284-a954-c79e0fe6aeef.sock
# environment
LC_NAME = zh_CN.UTF-8
# environment
VSCODE_CWD = /
# environment
GOPROXY = https://goproxy.cn,https://mirrors.aliyun.com/goproxy,https://goproxy.io,direct
# environment
SSH_CONNECTION = 10.12.96.232 61691 10.12.192.114 22
# environment
PATH = /usr/local/go/bin:/home/hutianyu/gcc-linaro-7.5.0-2019.12-x86_64_aarch64-linux-gnu/bin/:/home/hutianyu/gcc-linaro-7.5.0-2019.12-x86_64_aarch64-linux-gnu/bin/:/usr/local/sbin:/usr/local/bin:/usr/sbin:/usr/bin:/sbin:/bin:/usr/games:/usr/local/games:/snap/bin:/home/hutianyu/goProjects/bin:/home/hutianyu/goProjects/bin:/home/hutianyu/goProjects/bin:/home/hutianyu/goProjects/bin
# environment
GJS_DEBUG_OUTPUT = stderr
# environment
SESSION_MANAGER = local/user:@/tmp/.ICE-unix/6067,unix/user:/tmp/.ICE-unix/6067
# environment
SSH_TTY = /dev/pts/1
# environment
XDG_RUNTIME_DIR = /run/user/1001
# makefile (from 'Makefile', line 3)
mydir2 := `mkdir mydir2`
# environment
GOPATH = /home/hutianyu/goProjects
# environment
XDG_MENU_PREFIX = gnome-
# environment
VSCODE_LOG_STACK = false
# environment
ELECTRON_RUN_AS_NODE = 1
# default
.FEATURES := target-specific order-only second-expansion else-if shortest-stem undefine oneshell archives jobserver output-sync check-symlink load
# environment
SSH_AUTH_SOCK = /run/user/1001/keyring/ssh
# environment
GIO_LAUNCHED_DESKTOP_FILE_PID = 18483
# automatic
%F = $(notdir $%)
# environment
GOBIN = /home/hutianyu/goProjects/bin
# environment
DISPLAY = :1
# environment
VSCODE_PIPE_LOGGING = true
# environment
PWD = /home/hutianyu/MyWetsite/huty1998.github.io
# automatic
*D = $(patsubst %/,%,$(dir $*))
# environment
ORIGINAL_XDG_CURRENT_DESKTOP = GNOME
# environment
GOMODCACHE = /home/hutianyu/goProjects/pkg/mod
# environment
HOME = /home/hutianyu
# environment
VSCODE_CODE_CACHE_PATH = /home/hutianyu/.config/Code/CachedData/da15b6fd3ef856477bf6f4fb29ba1b7af717770d
# environment
LOGNAME = hutianyu
# environment
APPLICATION_INSIGHTS_NO_DIAGNOSTIC_CHANNEL = true
# automatic
+F = $(notdir $+)
# environment
VSCODE_HANDLES_UNCAUGHT_ERRORS = true
# default
MAKE_VERSION := 4.1
# environment
GNOME_DESKTOP_SESSION_ID = this-is-deprecated
# automatic
^D = $(patsubst %/,%,$(dir $^))
# environment
LC_TIME = zh_CN.UTF-8
# default
MAKE = $(MAKE_COMMAND)
# default
MAKECMDGOALS := all
# environment
QT_IM_MODULE = ibus
# environment
SHLVL = 2
# environment
XDG_SESSION_ID = 3
# environment
USER = hutianyu
# environment
LC_MONETARY = zh_CN.UTF-8
# makefile
.DEFAULT_GOAL := mkdir
# environment
XDG_CURRENT_DESKTOP = GNOME
# environment
GOROOT = /usr/local/go
# automatic
%D = $(patsubst %/,%,$(dir $%))
# environment
VNCDESKTOP = user:1 (hutianyu)
# environment
LC_TELEPHONE = zh_CN.UTF-8
# default
MAKE_COMMAND := make
# default
.VARIABLES := 
# automatic
*F = $(notdir $*)
# environment
LANGUAGE = zh_CN:en_US:en
# environment
VSCODE_IPC_HOOK = /run/user/1001/vscode-87601d56-1.67.1-main.sock
# makefile
MAKEFLAGS = pqrR
# environment
MFLAGS = -pqrR
# environment
SSH_CLIENT = 10.12.96.232 61691 22
# environment
 
MAIL = /var/mail/hutianyu
# automatic
+D = $(patsubst %/,%,$(dir $+))
# environment
GDK_BACKEND = x11
# environment
LC_PAPER = zh_CN.UTF-8
# environment
NO_AT_BRIDGE = 1
# default
MAKEFILES := 
# environment
LC_NUMERIC = zh_CN.UTF-8
# automatic
<F = $(notdir $<)
# environment
LC_MEASUREMENT = zh_CN.UTF-8
# environment
LC_ALL = C
# environment
DBUS_STARTER_BUS_TYPE = session
# environment
GJS_DEBUG_TOPICS = JS ERROR;JS LOG
# automatic
^F = $(notdir $^)
# default
SUFFIXES := 
# makefile (from 'Makefile', line 1)
mydir := mydir
# environment
CHROME_DESKTOP = code-url-handler.desktop
# default
.INCLUDE_DIRS = /usr/include /usr/local/include /usr/include
# environment
LC_IDENTIFICATION = zh_CN.UTF-8
# default
.RECIPEPREFIX := 
# environment
LC_ADDRESS = zh_CN.UTF-8
# default
MAKE_HOST := x86_64-pc-linux-gnu
# environment
LANG = C
# environment
TERM = xterm
# environment
VSCODE_PID = 18483
# environment
DBUS_STARTER_ADDRESS = unix:abstract=/tmp/dbus-0PJGW5mWDa,guid=ebbc2a089dd978a0e62b0f1162da598a
# variable set hash-table stats:
# Load=102/1024=10%, Rehash=0, Collisions=14/127=11%

# Pattern-specific Variable Values

# No pattern-specific variable values.

# Directories

# . (device 66306, inode 33820620): 41 files, no impossibilities.

# 41 files, no impossibilities in 1 directories.

# Implicit Rules

# No implicit rules.

# Files

# Not a target:
all:
#  Command line target.
#  Implicit rule search has been done.
#  File does not exist.
#  File has not been updated.

mkdir:
#  Implicit rule search has not been done.
#  Modification time never checked.
#  File has not been updated.
#  recipe to execute (from 'Makefile', line 6):
	echo "123" 
	@if [ ! -d $(mydir) ]; then \
		echo "no" ;\
		$$$(shell mkdir $(mydir));\
	fi

# Not a target:
Makefile:
#  Implicit rule search has been done.
#  Last modified 2022-04-27 10:11:19.121008082
#  File has been updated.
#  Successfully updated.

# Not a target:
.DEFAULT:
#  Implicit rule search has not been done.
#  Modification time never checked.
#  File has not been updated.

# files hash-table stats:
# Load=5/1024=0%, Rehash=0, Collisions=0/15=0%
# VPATH Search Paths

# No 'vpath' search paths.

# No general ('VPATH' variable) search path.

# strcache buffers: 1 (0) / strings = 47 / storage = 403 B / avg = 8 B
# current buf: size = 8162 B / used = 403 B / count = 47 / avg = 8 B

# strcache performance: lookups = 52 / hit rate = 9%
# hash-table stats:
# Load=47/8192=1%, Rehash=0, Collisions=1/52=2%
# Finished Make data base on Thu Aug 11 10:11:37 2022

 
